<?xml version="1.0" encoding="UTF-8"?>
<testsuite name="com.example.demo.infrastructure.DummyNotificationServiceTest" tests="1" skipped="0" failures="0" errors="0" timestamp="2025-06-07T12:15:31.907Z" hostname="takamiyadaisukenonotobukkukonpyuta.local" time="0.003">
  <properties/>
  <testcase name="notifyTransferで標準出力に通知内容が出力される()" classname="com.example.demo.infrastructure.DummyNotificationServiceTest" time="0.003"/>
  <system-out><![CDATA[]]></system-out>
  <system-err><![CDATA[]]></system-err>
</testsuite>
