<?xml version="1.0" encoding="UTF-8"?>
<testsuite name="com.example.demo.domain.AccountTest" tests="2" skipped="0" failures="0" errors="0" timestamp="2025-06-07T12:15:31.904Z" hostname="takamiyadaisukenonotobukkukonpyuta.local" time="0.0">
  <properties/>
  <testcase name="入金処理で残高が増加する()" classname="com.example.demo.domain.AccountTest" time="0.0"/>
  <testcase name="出金処理で残高が減少する()" classname="com.example.demo.domain.AccountTest" time="0.0"/>
  <system-out><![CDATA[]]></system-out>
  <system-err><![CDATA[]]></system-err>
</testsuite>
