<?xml version="1.0" encoding="UTF-8"?>
<testsuite name="com.example.demo.presentation.ExchangeRateControllerIntegrationTest" tests="2" skipped="0" failures="0" errors="0" timestamp="2025-06-07T12:15:32.571Z" hostname="takamiyadaisukenonotobukkukonpyuta.local" time="0.039">
  <properties/>
  <testcase name="為替レート取得API_未対応通貨ペア()" classname="com.example.demo.presentation.ExchangeRateControllerIntegrationTest" time="0.034"/>
  <testcase name="為替レート取得API_USDからJPY()" classname="com.example.demo.presentation.ExchangeRateControllerIntegrationTest" time="0.004"/>
  <system-out><![CDATA[]]></system-out>
  <system-err><![CDATA[]]></system-err>
</testsuite>
