<?xml version="1.0" encoding="UTF-8"?>
<testsuite name="com.example.demo.infrastructure.DummyExchangeRateServiceTest" tests="2" skipped="0" failures="0" errors="0" timestamp="2025-06-07T12:15:31.905Z" hostname="takamiyadaisukenonotobukkukonpyuta.local" time="0.002">
  <properties/>
  <testcase name="USDからJPYは150が返る()" classname="com.example.demo.infrastructure.DummyExchangeRateServiceTest" time="0.001"/>
  <testcase name="その他の通貨ペアは1が返る()" classname="com.example.demo.infrastructure.DummyExchangeRateServiceTest" time="0.001"/>
  <system-out><![CDATA[]]></system-out>
  <system-err><![CDATA[]]></system-err>
</testsuite>
