<?xml version="1.0" encoding="UTF-8"?>
<testsuite name="com.example.demo.presentation.AccountControllerTest" tests="1" skipped="0" failures="0" errors="0" timestamp="2025-06-07T12:15:32.561Z" hostname="takamiyadaisukenonotobukkukonpyuta.local" time="0.007">
  <properties/>
  <testcase name="振込API_正常系()" classname="com.example.demo.presentation.AccountControllerTest" time="0.007"/>
  <system-out><![CDATA[]]></system-out>
  <system-err><![CDATA[]]></system-err>
</testsuite>
