<?xml version="1.0" encoding="UTF-8"?>
<testsuite name="com.example.demo.application.TransferServiceTest" tests="4" skipped="0" failures="0" errors="0" timestamp="2025-06-07T12:15:31.782Z" hostname="takamiyadaisukenonotobukkukonpyuta.local" time="0.121">
  <properties/>
  <testcase name="残高不足の場合は例外が発生し通知されない()" classname="com.example.demo.application.TransferServiceTest" time="0.113"/>
  <testcase name="送金元口座が存在しない場合は例外()" classname="com.example.demo.application.TransferServiceTest" time="0.002"/>
  <testcase name="振込が正常に完了し通知が呼ばれる()" classname="com.example.demo.application.TransferServiceTest" time="0.003"/>
  <testcase name="送金先口座が存在しない場合は例外()" classname="com.example.demo.application.TransferServiceTest" time="0.001"/>
  <system-out><![CDATA[]]></system-out>
  <system-err><![CDATA[]]></system-err>
</testsuite>
